<?xml version="1.0" encoding="UTF-8"?>
<!-- Generated by org.testng.reporters.JUnitReportReporter -->
<testsuite hostname="AhmadMalloh" name="Google_Maps_API.Add_Place" tests="1" failures="0" timestamp="10 Jan 2022 20:26:35 GMT" time="4.959" errors="0">
  <testcase name="add_Place" time="4.959" classname="Google_Maps_API.Add_Place"/>
</testsuite> <!-- Google_Maps_API.Add_Place -->
