<?xml version="1.0" encoding="UTF-8"?>
<!-- Generated by org.testng.reporters.JUnitReportReporter -->
<testsuite hostname="AhmadMalloh" name="DynamicJson" tests="9" failures="0" timestamp="29 Nov 2021 20:58:02 GMT" time="3.858" errors="0">
  <testcase name="AddNewCustomer" time="0.068" classname="DynamicJson"/>
  <testcase name="GetCustomer" time="0.048" classname="DynamicJson"/>
  <testcase name="AddNewCustomer" time="2.880" classname="DynamicJson"/>
  <testcase name="AddNewCustomer" time="0.068" classname="DynamicJson"/>
  <testcase name="UpdateAddedCustomer" time="0.037" classname="DynamicJson"/>
  <testcase name="GetCustomer" time="0.062" classname="DynamicJson"/>
  <testcase name="UpdateAddedCustomer" time="0.569" classname="DynamicJson"/>
  <testcase name="GetCustomer" time="0.049" classname="DynamicJson"/>
  <testcase name="UpdateAddedCustomer" time="0.077" classname="DynamicJson"/>
</testsuite> <!-- DynamicJson -->
