<?xml version="1.0" encoding="UTF-8"?>
<!-- Generated by org.testng.reporters.JUnitReportReporter -->
<testsuite hostname="AhmadMalloh" name="OAuth_Test" tests="1" failures="0" timestamp="4 Jan 2022 19:13:42 GMT" time="5.406" errors="0">
  <testcase name="Get_Courses" time="5.406" classname="OAuth_Test"/>
</testsuite> <!-- OAuth_Test -->
